# JRE version: Java(TM) SE Runtime Environment (8.0_91-b15) (build 1.8.0_91-b15)
# Java VM: Java HotSpot(TM) Client VM (25.91-b15 mixed mode windows-x86 )
Heap:
 def new generation   total 4928K, used 2200K [0x03e00000, 0x04350000, 0x1ef50000)
  eden space 4416K,  40% used [0x03e00000, 0x03fc1170, 0x04250000)
  from space 512K,  78% used [0x042d0000, 0x04334ee8, 0x04350000)
  to   space 512K,   0% used [0x04250000, 0x04250000, 0x042d0000)
 tenured generation   total 10944K, used 1999K [0x1ef50000, 0x1fa00000, 0x55200000)
   the space 10944K,  18% used [0x1ef50000, 0x1f143cd0, 0x1f143e00, 0x1fa00000)
 Metaspace       used 6930K, capacity 6986K, committed 7040K, reserved 7552K
GC Heap History (10 events):
Event: 0.503 GC heap before
{Heap before GC invocations=4 (full 0):
 def new generation   total 4928K, used 4917K [0x03e00000, 0x04350000, 0x1ef50000)
  eden space 4416K, 100% used [0x03e00000, 0x04250000, 0x04250000)
  from space 512K,  97% used [0x04250000, 0x042cd6c0, 0x042d0000)
  to   space 512K,   0% used [0x042d0000, 0x042d0000, 0x04350000)
 tenured generation   total 10944K, used 1248K [0x1ef50000, 0x1fa00000, 0x55200000)
   the space 10944K,  11% used [0x1ef50000, 0x1f088110, 0x1f088200, 0x1fa00000)
 Metaspace       used 4434K, capacity 4456K, committed 4480K, reserved 4480K
Event: 0.505 GC heap after
Heap after GC invocations=5 (full 0):
 def new generation   total 4928K, used 407K [0x03e00000, 0x04350000, 0x1ef50000)
  eden space 4416K,   0% used [0x03e00000, 0x03e00000, 0x04250000)
  from space 512K,  79% used [0x042d0000, 0x04335c60, 0x04350000)
  to   space 512K,   0% used [0x04250000, 0x04250000, 0x042d0000)
 tenured generation   total 10944K, used 1536K [0x1ef50000, 0x1fa00000, 0x55200000)
   the space 10944K,  14% used [0x1ef50000, 0x1f0d0138, 0x1f0d0200, 0x1fa00000)
 Metaspace       used 4434K, capacity 4456K, committed 4480K, reserved 4480K
}
Event: 0.552 GC heap before
{Heap before GC invocations=5 (full 0):
 def new generation   total 4928K, used 4823K [0x03e00000, 0x04350000, 0x1ef50000)
  eden space 4416K, 100% used [0x03e00000, 0x04250000, 0x04250000)
  from space 512K,  79% used [0x042d0000, 0x04335c60, 0x04350000)
  to   space 512K,   0% used [0x04250000, 0x04250000, 0x042d0000)
 tenured generation   total 10944K, used 1536K [0x1ef50000, 0x1fa00000, 0x55200000)
   the space 10944K,  14% used [0x1ef50000, 0x1f0d0138, 0x1f0d0200, 0x1fa00000)
 Metaspace       used 4846K, capacity 4872K, committed 4992K, reserved 5504K
Event: 0.553 GC heap after
Heap after GC invocations=6 (full 0):
 def new generation   total 4928K, used 504K [0x03e00000, 0x04350000, 0x1ef50000)
  eden space 4416K,   0% used [0x03e00000, 0x03e00000, 0x04250000)
  from space 512K,  98% used [0x04250000, 0x042ce3c8, 0x042d0000)
  to   space 512K,   0% used [0x042d0000, 0x042d0000, 0x04350000)
 tenured generation   total 10944K, used 1632K [0x1ef50000, 0x1fa00000, 0x55200000)
   the space 10944K,  14% used [0x1ef50000, 0x1f0e8348, 0x1f0e8400, 0x1fa00000)
 Metaspace       used 4846K, capacity 4872K, committed 4992K, reserved 5504K
}
Event: 0.615 GC heap before
{Heap before GC invocations=6 (full 0):
 def new generation   total 4928K, used 4917K [0x03e00000, 0x04350000, 0x1ef50000)
  eden space 4416K,  99% used [0x03e00000, 0x0424f390, 0x04250000)
  from space 512K,  98% used [0x04250000, 0x042ce3c8, 0x042d0000)
  to   space 512K,   0% used [0x042d0000, 0x042d0000, 0x04350000)
 tenured generation   total 10944K, used 1632K [0x1ef50000, 0x1fa00000, 0x55200000)
   the space 10944K,  14% used [0x1ef50000, 0x1f0e8348, 0x1f0e8400, 0x1fa00000)
 Metaspace       used 5525K, capacity 5546K, committed 5632K, reserved 6528K
Event: 0.618 GC heap after
Heap after GC invocations=7 (full 0):
 def new generation   total 4928K, used 350K [0x03e00000, 0x04350000, 0x1ef50000)
  eden space 4416K,   0% used [0x03e00000, 0x03e00000, 0x04250000)
  from space 512K,  68% used [0x042d0000, 0x04327af8, 0x04350000)
  to   space 512K,   0% used [0x04250000, 0x04250000, 0x042d0000)
 tenured generation   total 10944K, used 1793K [0x1ef50000, 0x1fa00000, 0x55200000)
   the space 10944K,  16% used [0x1ef50000, 0x1f1104f8, 0x1f110600, 0x1fa00000)
 Metaspace       used 5525K, capacity 5546K, committed 5632K, reserved 6528K
}
Event: 0.705 GC heap before
{Heap before GC invocations=7 (full 0):
 def new generation   total 4928K, used 4766K [0x03e00000, 0x04350000, 0x1ef50000)
  eden space 4416K, 100% used [0x03e00000, 0x04250000, 0x04250000)
  from space 512K,  68% used [0x042d0000, 0x04327af8, 0x04350000)
  to   space 512K,   0% used [0x04250000, 0x04250000, 0x042d0000)
 tenured generation   total 10944K, used 1793K [0x1ef50000, 0x1fa00000, 0x55200000)
   the space 10944K,  16% used [0x1ef50000, 0x1f1104f8, 0x1f110600, 0x1fa00000)
 Metaspace       used 6474K, capacity 6506K, committed 6656K, reserved 7552K
Event: 0.706 GC heap after
Heap after GC invocations=8 (full 0):
 def new generation   total 4928K, used 370K [0x03e00000, 0x04350000, 0x1ef50000)
  eden space 4416K,   0% used [0x03e00000, 0x03e00000, 0x04250000)
  from space 512K,  72% used [0x04250000, 0x042aca18, 0x042d0000)
  to   space 512K,   0% used [0x042d0000, 0x042d0000, 0x04350000)
 tenured generation   total 10944K, used 1893K [0x1ef50000, 0x1fa00000, 0x55200000)
   the space 10944K,  17% used [0x1ef50000, 0x1f129680, 0x1f129800, 0x1fa00000)
 Metaspace       used 6474K, capacity 6506K, committed 6656K, reserved 7552K
}
Event: 0.751 GC heap before
{Heap before GC invocations=8 (full 0):
 def new generation   total 4928K, used 4786K [0x03e00000, 0x04350000, 0x1ef50000)
  eden space 4416K, 100% used [0x03e00000, 0x04250000, 0x04250000)
  from space 512K,  72% used [0x04250000, 0x042aca18, 0x042d0000)
  to   space 512K,   0% used [0x042d0000, 0x042d0000, 0x04350000)
 tenured generation   total 10944K, used 1893K [0x1ef50000, 0x1fa00000, 0x55200000)
   the space 10944K,  17% used [0x1ef50000, 0x1f129680, 0x1f129800, 0x1fa00000)
 Metaspace       used 6740K, capacity 6794K, committed 6912K, reserved 7552K
Event: 0.753 GC heap after
Heap after GC invocations=9 (full 0):
 def new generation   total 4928K, used 403K [0x03e00000, 0x04350000, 0x1ef50000)
  eden space 4416K,   0% used [0x03e00000, 0x03e00000, 0x04250000)
  from space 512K,  78% used [0x042d0000, 0x04334ee8, 0x04350000)
  to   space 512K,   0% used [0x04250000, 0x04250000, 0x042d0000)
 tenured generation   total 10944K, used 1999K [0x1ef50000, 0x1fa00000, 0x55200000)
   the space 10944K,  18% used [0x1ef50000, 0x1f143cd0, 0x1f143e00, 0x1fa00000)
 Metaspace       used 6740K, capacity 6794K, committed 6912K, reserved 7552K
}

